<?xml version="1.0" encoding="UTF-8"?>
<testsuite xmlns:xsi="http://www.w3.org/2001/XMLSchema-instance" xsi:noNamespaceSchemaLocation="https://maven.apache.org/surefire/maven-surefire-plugin/xsd/surefire-test-report-3.0.xsd" version="3.0" name="main.ProductControllerIntegrationTest" time="5.429" tests="3" errors="0" skipped="0" failures="0">
  <properties>
[...]
</properties>
  <testcase name="addProduct_andGetProducts_persistsToDb" classname="main.ProductControllerIntegrationTest" time="1.252">
    <system-out><![CDATA[&amp#27;[2m2026-02-07T18:21:12.008-05:00&amp#27;[0;39m &amp#27;[32m INFO&amp#27;[0;39m &amp#27;[35m81455&amp#27;[0;39m &amp#27;[2m---&amp#27;[0;39m &amp#27;[2m[           main]&amp#27;[0;39m &amp#27;[2m&amp#27;[0;39m&amp#27;[36mt.c.s.AnnotationConfigContextLoaderUtils&amp#27;[0;39m &amp#27;[2m:&amp#27;[0;39m Could not detect default configuration classes for test class [main.ProductControllerIntegrationTest]: ProductControllerIntegrationTest does not declare any static, non-private, non-final, nested classes annotated with @Configuration.
&amp#27;[2m2026-02-07T18:21:12.027-05:00&amp#27;[0;39m &amp#27;[32m INFO&amp#27;[0;39m &amp#27;[35m81455&amp#27;[0;39m &amp#27;[2m---&amp#27;[0;39m &amp#27;[2m[           main]&amp#27;[0;39m &amp#27;[2m&amp#27;[0;39m&amp#27;[36m.b.t.c.SpringBootTestContextBootstrapper&amp#27;[0;39m &amp#27;[2m:&amp#27;[0;39m Found @SpringBootConfiguration main.Application for test class main.ProductControllerIntegrationTest

  .   ____          _            __ _ _
 /\\ / ___'_ __ _ _(_)_ __  __ _ \ \ \ \
( ( )\___ | '_ | '_| | '_ \/ _` | \ \ \ \
 \\/  ___)| |_)| | | | | || (_| |  ) ) ) )
  '  |____| .__|_| |_|_| |_\__, | / / / /
 =========|_|==============|___/=/_/_/_/
&amp#27;[32m :: Spring Boot :: &amp#27;[39m              &amp#27;[2m (v3.2.0)&amp#27;[0;39m

&amp#27;[2m2026-02-07T18:21:12.154-05:00&amp#27;[0;39m &amp#27;[32m INFO&amp#27;[0;39m &amp#27;[35m81455&amp#27;[0;39m &amp#27;[2m---&amp#27;[0;39m &amp#27;[2m[           main]&amp#27;[0;39m &amp#27;[2m&amp#27;[0;39m&amp#27;[36mmain.ProductControllerIntegrationTest   &amp#27;[0;39m &amp#27;[2m:&amp#27;[0;39m Starting ProductControllerIntegrationTest using Java 23.0.2 with PID 81455 (started by manasilonkar in /Users/manasilonkar/JobSearch/springboot)
&amp#27;[2m2026-02-07T18:21:12.158-05:00&amp#27;[0;39m &amp#27;[32m INFO&amp#27;[0;39m &amp#27;[35m81455&amp#27;[0;39m &amp#27;[2m---&amp#27;[0;39m &amp#27;[2m[           main]&amp#27;[0;39m &amp#27;[2m&amp#27;[0;39m&amp#27;[36mmain.ProductControllerIntegrationTest   &amp#27;[0;39m &amp#27;[2m:&amp#27;[0;39m No active profile set, falling back to 1 default profile: "default"
&amp#27;[2m2026-02-07T18:21:12.684-05:00&amp#27;[0;39m &amp#27;[32m INFO&amp#27;[0;39m &amp#27;[35m81455&amp#27;[0;39m &amp#27;[2m---&amp#27;[0;39m &amp#27;[2m[           main]&amp#27;[0;39m &amp#27;[2m&amp#27;[0;39m&amp#27;[36m.s.d.r.c.RepositoryConfigurationDelegate&amp#27;[0;39m &amp#27;[2m:&amp#27;[0;39m Bootstrapping Spring Data JPA repositories in DEFAULT mode.
&amp#27;[2m2026-02-07T18:21:12.701-05:00&amp#27;[0;39m &amp#27;[32m INFO&amp#27;[0;39m &amp#27;[35m81455&amp#27;[0;39m &amp#27;[2m---&amp#27;[0;39m &amp#27;[2m[           main]&amp#27;[0;39m &amp#27;[2m&amp#27;[0;39m&amp#27;[36m.s.d.r.c.RepositoryConfigurationDelegate&amp#27;[0;39m &amp#27;[2m:&amp#27;[0;39m Finished Spring Data repository scanning in 15 ms. Found 2 JPA repository interfaces.
&amp#27;[2m2026-02-07T18:21:13.362-05:00&amp#27;[0;39m &amp#27;[32m INFO&amp#27;[0;39m &amp#27;[35m81455&amp#27;[0;39m &amp#27;[2m---&amp#27;[0;39m &amp#27;[2m[           main]&amp#27;[0;39m &amp#27;[2m&amp#27;[0;39m&amp#27;[36mo.s.b.w.embedded.tomcat.TomcatWebServer &amp#27;[0;39m &amp#27;[2m:&amp#27;[0;39m Tomcat initialized with port 0 (http)
&amp#27;[2m2026-02-07T18:21:13.372-05:00&amp#27;[0;39m &amp#27;[32m INFO&amp#27;[0;39m &amp#27;[35m81455&amp#27;[0;39m &amp#27;[2m---&amp#27;[0;39m &amp#27;[2m[           main]&amp#27;[0;39m &amp#27;[2m&amp#27;[0;39m&amp#27;[36mo.apache.catalina.core.StandardService  &amp#27;[0;39m &amp#27;[2m:&amp#27;[0;39m Starting service [Tomcat]
&amp#27;[2m2026-02-07T18:21:13.373-05:00&amp#27;[0;39m &amp#27;[32m INFO&amp#27;[0;39m &amp#27;[35m81455&amp#27;[0;39m &amp#27;[2m---&amp#27;[0;39m &amp#27;[2m[           main]&amp#27;[0;39m &amp#27;[2m&amp#27;[0;39m&amp#27;[36mo.apache.catalina.core.StandardEngine   &amp#27;[0;39m &amp#27;[2m:&amp#27;[0;39m Starting Servlet engine: [Apache Tomcat/10.1.16]
&amp#27;[2m2026-02-07T18:21:13.453-05:00&amp#27;[0;39m &amp#27;[32m INFO&amp#27;[0;39m &amp#27;[35m81455&amp#27;[0;39m &amp#27;[2m---&amp#27;[0;39m &amp#27;[2m[           main]&amp#27;[0;39m &amp#27;[2m&amp#27;[0;39m&amp#27;[36mo.a.c.c.C.[Tomcat].[localhost].[/]      &amp#27;[0;39m &amp#27;[2m:&amp#27;[0;39m Initializing Spring embedded WebApplicationContext
&amp#27;[2m2026-02-07T18:21:13.454-05:00&amp#27;[0;39m &amp#27;[32m INFO&amp#27;[0;39m &amp#27;[35m81455&amp#27;[0;39m &amp#27;[2m---&amp#27;[0;39m &amp#27;[2m[           main]&amp#27;[0;39m &amp#27;[2m&amp#27;[0;39m&amp#27;[36mw.s.c.ServletWebServerApplicationContext&amp#27;[0;39m &amp#27;[2m:&amp#27;[0;39m Root WebApplicationContext: initialization completed in 1283 ms
&amp#27;[2m2026-02-07T18:21:13.506-05:00&amp#27;[0;39m &amp#27;[32m INFO&amp#27;[0;39m &amp#27;[35m81455&amp#27;[0;39m &amp#27;[2m---&amp#27;[0;39m &amp#27;[2m[           main]&amp#27;[0;39m &amp#27;[2m&amp#27;[0;39m&amp#27;[36mcom.zaxxer.hikari.HikariDataSource      &amp#27;[0;39m &amp#27;[2m:&amp#27;[0;39m HikariPool-1 - Starting...
&amp#27;[2m2026-02-07T18:21:13.521-05:00&amp#27;[0;39m &amp#27;[32m INFO&amp#27;[0;39m &amp#27;[35m81455&amp#27;[0;39m &amp#27;[2m---&amp#27;[0;39m &amp#27;[2m[           main]&amp#27;[0;39m &amp#27;[2m&amp#27;[0;39m&amp#27;[36mcom.zaxxer.hikari.pool.HikariPool       &amp#27;[0;39m &amp#27;[2m:&amp#27;[0;39m HikariPool-1 - Added connection conn10: url=jdbc:h2:mem:productdb user=SA
&amp#27;[2m2026-02-07T18:21:13.523-05:00&amp#27;[0;39m &amp#27;[32m INFO&amp#27;[0;39m &amp#27;[35m81455&amp#27;[0;39m &amp#27;[2m---&amp#27;[0;39m &amp#27;[2m[           main]&amp#27;[0;39m &amp#27;[2m&amp#27;[0;39m&amp#27;[36mcom.zaxxer.hikari.HikariDataSource      &amp#27;[0;39m &amp#27;[2m:&amp#27;[0;39m HikariPool-1 - Start completed.
&amp#27;[2m2026-02-07T18:21:13.536-05:00&amp#27;[0;39m &amp#27;[32m INFO&amp#27;[0;39m &amp#27;[35m81455&amp#27;[0;39m &amp#27;[2m---&amp#27;[0;39m &amp#27;[2m[           main]&amp#27;[0;39m &amp#27;[2m&amp#27;[0;39m&amp#27;[36mo.s.b.a.h2.H2ConsoleAutoConfiguration   &amp#27;[0;39m &amp#27;[2m:&amp#27;[0;39m H2 console available at '/h2-console'. Database available at 'jdbc:h2:mem:productdb'
&amp#27;[2m2026-02-07T18:21:13.679-05:00&amp#27;[0;39m &amp#27;[32m INFO&amp#27;[0;39m &amp#27;[35m81455&amp#27;[0;39m &amp#27;[2m---&amp#27;[0;39m &amp#27;[2m[           main]&amp#27;[0;39m &amp#27;[2m&amp#27;[0;39m&amp#27;[36mo.hibernate.jpa.internal.util.LogHelper &amp#27;[0;39m &amp#27;[2m:&amp#27;[0;39m HHH000204: Processing PersistenceUnitInfo [name: default]
&amp#27;[2m2026-02-07T18:21:13.683-05:00&amp#27;[0;39m &amp#27;[32m INFO&amp#27;[0;39m &amp#27;[35m81455&amp#27;[0;39m &amp#27;[2m---&amp#27;[0;39m &amp#27;[2m[           main]&amp#27;[0;39m &amp#27;[2m&amp#27;[0;39m&amp#27;[36mo.h.c.internal.RegionFactoryInitiator   &amp#27;[0;39m &amp#27;[2m:&amp#27;[0;39m HHH000026: Second-level cache disabled
&amp#27;[2m2026-02-07T18:21:13.688-05:00&amp#27;[0;39m &amp#27;[32m INFO&amp#27;[0;39m &amp#27;[35m81455&amp#27;[0;39m &amp#27;[2m---&amp#27;[0;39m &amp#27;[2m[           main]&amp#27;[0;39m &amp#27;[2m&amp#27;[0;39m&amp#27;[36mo.s.o.j.p.SpringPersistenceUnitInfo     &amp#27;[0;39m &amp#27;[2m:&amp#27;[0;39m No LoadTimeWeaver setup: ignoring JPA class transformer
&amp#27;[2m2026-02-07T18:21:13.689-05:00&amp#27;[0;39m &amp#27;[33m WARN&amp#27;[0;39m &amp#27;[35m81455&amp#27;[0;39m &amp#27;[2m---&amp#27;[0;39m &amp#27;[2m[           main]&amp#27;[0;39m &amp#27;[2m&amp#27;[0;39m&amp#27;[36morg.hibernate.orm.deprecation           &amp#27;[0;39m &amp#27;[2m:&amp#27;[0;39m HHH90000025: H2Dialect does not need to be specified explicitly using 'hibernate.dialect' (remove the property setting and it will be selected by default)
&amp#27;[2m2026-02-07T18:21:13.788-05:00&amp#27;[0;39m &amp#27;[32m INFO&amp#27;[0;39m &amp#27;[35m81455&amp#27;[0;39m &amp#27;[2m---&amp#27;[0;39m &amp#27;[2m[           main]&amp#27;[0;39m &amp#27;[2m&amp#27;[0;39m&amp#27;[36mo.h.e.t.j.p.i.JtaPlatformInitiator      &amp#27;[0;39m &amp#27;[2m:&amp#27;[0;39m HHH000489: No JTA platform available (set 'hibernate.transaction.jta.platform' to enable JTA platform integration)
Hibernate: drop table if exists categories cascade 
Hibernate: drop table if exists products cascade 
Hibernate: create table categories (id bigint generated by default as identity, name varchar(255) not null unique, primary key (id))
Hibernate: create table products (customer_rating float(53), category_id bigint not null, id bigint generated by default as identity, product_name varchar(255) not null, sub_category varchar(255), primary key (id))
Hibernate: alter table if exists products add constraint FKog2rp4qthbtt2lfyhfo32lsw9 foreign key (category_id) references categories
&amp#27;[2m2026-02-07T18:21:13.798-05:00&amp#27;[0;39m &amp#27;[32m INFO&amp#27;[0;39m &amp#27;[35m81455&amp#27;[0;39m &amp#27;[2m---&amp#27;[0;39m &amp#27;[2m[           main]&amp#27;[0;39m &amp#27;[2m&amp#27;[0;39m&amp#27;[36mj.LocalContainerEntityManagerFactoryBean&amp#27;[0;39m &amp#27;[2m:&amp#27;[0;39m Initialized JPA EntityManagerFactory for persistence unit 'default'
&amp#27;[2m2026-02-07T18:21:14.548-05:00&amp#27;[0;39m &amp#27;[33m WARN&amp#27;[0;39m &amp#27;[35m81455&amp#27;[0;39m &amp#27;[2m---&amp#27;[0;39m &amp#27;[2m[           main]&amp#27;[0;39m &amp#27;[2m&amp#27;[0;39m&amp#27;[36mJpaBaseConfiguration$JpaWebConfiguration&amp#27;[0;39m &amp#27;[2m:&amp#27;[0;39m spring.jpa.open-in-view is enabled by default. Therefore, database queries may be performed during view rendering. Explicitly configure spring.jpa.open-in-view to disable this warning
&amp#27;[2m2026-02-07T18:21:15.117-05:00&amp#27;[0;39m &amp#27;[32m INFO&amp#27;[0;39m &amp#27;[35m81455&amp#27;[0;39m &amp#27;[2m---&amp#27;[0;39m &amp#27;[2m[           main]&amp#27;[0;39m &amp#27;[2m&amp#27;[0;39m&amp#27;[36mo.s.s.web.DefaultSecurityFilterChain    &amp#27;[0;39m &amp#27;[2m:&amp#27;[0;39m Will secure any request with [org.springframework.security.web.session.DisableEncodeUrlFilter@16488ed7, org.springframework.security.web.context.request.async.WebAsyncManagerIntegrationFilter@3ac2772d, org.springframework.security.web.context.SecurityContextHolderFilter@7220ff10, org.springframework.security.web.header.HeaderWriterFilter@3d587c73, org.springframework.web.filter.CorsFilter@3c380db5, org.springframework.security.web.authentication.logout.LogoutFilter@404a7c61, org.springframework.security.web.authentication.www.BasicAuthenticationFilter@24c8bc1e, org.springframework.security.web.savedrequest.RequestCacheAwareFilter@776eb512, org.springframework.security.web.servletapi.SecurityContextHolderAwareRequestFilter@4ba29b51, org.springframework.security.web.authentication.AnonymousAuthenticationFilter@5df17e60, org.springframework.security.web.access.ExceptionTranslationFilter@25f3207e, org.springframework.security.web.access.intercept.AuthorizationFilter@36361951]
&amp#27;[2m2026-02-07T18:21:15.902-05:00&amp#27;[0;39m &amp#27;[32m INFO&amp#27;[0;39m &amp#27;[35m81455&amp#27;[0;39m &amp#27;[2m---&amp#27;[0;39m &amp#27;[2m[           main]&amp#27;[0;39m &amp#27;[2m&amp#27;[0;39m&amp#27;[36mo.s.b.w.embedded.tomcat.TomcatWebServer &amp#27;[0;39m &amp#27;[2m:&amp#27;[0;39m Tomcat started on port 49670 (http) with context path ''
&amp#27;[2m2026-02-07T18:21:15.912-05:00&amp#27;[0;39m &amp#27;[32m INFO&amp#27;[0;39m &amp#27;[35m81455&amp#27;[0;39m &amp#27;[2m---&amp#27;[0;39m &amp#27;[2m[           main]&amp#27;[0;39m &amp#27;[2m&amp#27;[0;39m&amp#27;[36mmain.ProductControllerIntegrationTest   &amp#27;[0;39m &amp#27;[2m:&amp#27;[0;39m Started ProductControllerIntegrationTest in 3.871 seconds (process running for 13.85)
Hibernate: select c1_0.id,c1_0.name from categories c1_0 where c1_0.name=?
Hibernate: insert into categories (name,id) values (?,default)
Hibernate: select c1_0.id,c1_0.name from categories c1_0 where c1_0.name=?
Hibernate: insert into categories (name,id) values (?,default)
&amp#27;[2m2026-02-07T18:21:16.169-05:00&amp#27;[0;39m &amp#27;[32m INFO&amp#27;[0;39m &amp#27;[35m81455&amp#27;[0;39m &amp#27;[2m---&amp#27;[0;39m &amp#27;[2m[o-auto-1-exec-1]&amp#27;[0;39m &amp#27;[2m&amp#27;[0;39m&amp#27;[36mo.a.c.c.C.[Tomcat].[localhost].[/]      &amp#27;[0;39m &amp#27;[2m:&amp#27;[0;39m Initializing Spring DispatcherServlet 'dispatcherServlet'
&amp#27;[2m2026-02-07T18:21:16.169-05:00&amp#27;[0;39m &amp#27;[32m INFO&amp#27;[0;39m &amp#27;[35m81455&amp#27;[0;39m &amp#27;[2m---&amp#27;[0;39m &amp#27;[2m[o-auto-1-exec-1]&amp#27;[0;39m &amp#27;[2m&amp#27;[0;39m&amp#27;[36mo.s.web.servlet.DispatcherServlet       &amp#27;[0;39m &amp#27;[2m:&amp#27;[0;39m Initializing Servlet 'dispatcherServlet'
&amp#27;[2m2026-02-07T18:21:16.171-05:00&amp#27;[0;39m &amp#27;[32m INFO&amp#27;[0;39m &amp#27;[35m81455&amp#27;[0;39m &amp#27;[2m---&amp#27;[0;39m &amp#27;[2m[o-auto-1-exec-1]&amp#27;[0;39m &amp#27;[2m&amp#27;[0;39m&amp#27;[36mo.s.web.servlet.DispatcherServlet       &amp#27;[0;39m &amp#27;[2m:&amp#27;[0;39m Completed initialization in 1 ms
&amp#27;[2m2026-02-07T18:21:16.184-05:00&amp#27;[0;39m &amp#27;[33m WARN&amp#27;[0;39m &amp#27;[35m81455&amp#27;[0;39m &amp#27;[2m---&amp#27;[0;39m &amp#27;[2m[o-auto-1-exec-1]&amp#27;[0;39m &amp#27;[2m&amp#27;[0;39m&amp#27;[36mo.s.w.s.h.HandlerMappingIntrospector    &amp#27;[0;39m &amp#27;[2m:&amp#27;[0;39m Cache miss for REQUEST dispatch to '/api/categories' (previous null). Performing CorsConfiguration lookup. This is logged once only at WARN level, and every time at TRACE.
&amp#27;[2m2026-02-07T18:21:16.337-05:00&amp#27;[0;39m &amp#27;[33m WARN&amp#27;[0;39m &amp#27;[35m81455&amp#27;[0;39m &amp#27;[2m---&amp#27;[0;39m &amp#27;[2m[o-auto-1-exec-1]&amp#27;[0;39m &amp#27;[2m&amp#27;[0;39m&amp#27;[36mo.s.w.s.h.HandlerMappingIntrospector    &amp#27;[0;39m &amp#27;[2m:&amp#27;[0;39m Cache miss for REQUEST dispatch to '/api/categories' (previous null). Performing MatchableHandlerMapping lookup. This is logged once only at WARN level, and every time at TRACE.
Hibernate: insert into categories (name,id) values (?,default)
&amp#27;[2m2026-02-07T18:21:16.667-05:00&amp#27;[0;39m &amp#27;[32m INFO&amp#27;[0;39m &amp#27;[35m81455&amp#27;[0;39m &amp#27;[2m---&amp#27;[0;39m &amp#27;[2m[o-auto-1-exec-1]&amp#27;[0;39m &amp#27;[2m&amp#27;[0;39m&amp#27;[36mservices.CategoryService                &amp#27;[0;39m &amp#27;[2m:&amp#27;[0;39m Category saved: id=3
&amp#27;[2m2026-02-07T18:21:16.672-05:00&amp#27;[0;39m &amp#27;[32m INFO&amp#27;[0;39m &amp#27;[35m81455&amp#27;[0;39m &amp#27;[2m---&amp#27;[0;39m &amp#27;[2m[o-auto-1-exec-1]&amp#27;[0;39m &amp#27;[2m&amp#27;[0;39m&amp#27;[36mcontroller.CategoryController           &amp#27;[0;39m &amp#27;[2m:&amp#27;[0;39m Category created: id=3, name=Toys
Hibernate: select c1_0.id,c1_0.name from categories c1_0 where c1_0.id=?
Hibernate: select c1_0.id,c1_0.name from categories c1_0 where c1_0.id=?
Hibernate: insert into products (category_id,customer_rating,product_name,sub_category,id) values (?,?,?,?,default)
&amp#27;[2m2026-02-07T18:21:16.966-05:00&amp#27;[0;39m &amp#27;[32m INFO&amp#27;[0;39m &amp#27;[35m81455&amp#27;[0;39m &amp#27;[2m---&amp#27;[0;39m &amp#27;[2m[o-auto-1-exec-2]&amp#27;[0;39m &amp#27;[2m&amp#27;[0;39m&amp#27;[36mservices.ProductService                 &amp#27;[0;39m &amp#27;[2m:&amp#27;[0;39m Product saved: id=1
&amp#27;[2m2026-02-07T18:21:16.966-05:00&amp#27;[0;39m &amp#27;[32m INFO&amp#27;[0;39m &amp#27;[35m81455&amp#27;[0;39m &amp#27;[2m---&amp#27;[0;39m &amp#27;[2m[o-auto-1-exec-2]&amp#27;[0;39m &amp#27;[2m&amp#27;[0;39m&amp#27;[36mcontroller.ProductController            &amp#27;[0;39m &amp#27;[2m:&amp#27;[0;39m Product created: id=1, name=Action Figure
Hibernate: select p1_0.id,p1_0.category_id,c1_0.id,c1_0.name,p1_0.customer_rating,p1_0.product_name,p1_0.sub_category from products p1_0 join categories c1_0 on c1_0.id=p1_0.category_id where p1_0.id=?
Hibernate: select p1_0.id,p1_0.category_id,c1_0.id,c1_0.name,p1_0.customer_rating,p1_0.product_name,p1_0.sub_category from products p1_0 join categories c1_0 on c1_0.id=p1_0.category_id where p1_0.id=?
Hibernate: select p1_0.id,p1_0.category_id,p1_0.customer_rating,p1_0.product_name,p1_0.sub_category from products p1_0
Hibernate: select c1_0.id,c1_0.name from categories c1_0 where c1_0.id=?
&amp#27;[2m2026-02-07T18:21:17.091-05:00&amp#27;[0;39m &amp#27;[32m INFO&amp#27;[0;39m &amp#27;[35m81455&amp#27;[0;39m &amp#27;[2m---&amp#27;[0;39m &amp#27;[2m[o-auto-1-exec-3]&amp#27;[0;39m &amp#27;[2m&amp#27;[0;39m&amp#27;[36mcontroller.ProductController            &amp#27;[0;39m &amp#27;[2m:&amp#27;[0;39m Returning 1 product(s) for categoryId=null
Hibernate: select p1_0.id,p1_0.category_id,p1_0.customer_rating,p1_0.product_name,p1_0.sub_category from products p1_0 where p1_0.category_id=?
Hibernate: select c1_0.id,c1_0.name from categories c1_0 where c1_0.id=?
&amp#27;[2m2026-02-07T18:21:17.247-05:00&amp#27;[0;39m &amp#27;[32m INFO&amp#27;[0;39m &amp#27;[35m81455&amp#27;[0;39m &amp#27;[2m---&amp#27;[0;39m &amp#27;[2m[o-auto-1-exec-4]&amp#27;[0;39m &amp#27;[2m&amp#27;[0;39m&amp#27;[36mcontroller.ProductController            &amp#27;[0;39m &amp#27;[2m:&amp#27;[0;39m Returning 1 product(s) for categoryId=3
]]></system-out>
  </testcase>
  <testcase name="getProducts_unauthorized_returns401" classname="main.ProductControllerIntegrationTest" time="0.032"/>
  <testcase name="addProduct_asUser_returns403" classname="main.ProductControllerIntegrationTest" time="0.099">
    <system-out><![CDATA[Hibernate: insert into categories (name,id) values (?,default)
]]></system-out>
  </testcase>
</testsuite>